<?xml version="1.0" encoding="UTF-8"?>
<!-- Generated by org.testng.reporters.JUnitReportReporter -->
<testsuite hostname="LAPTOP-1KOV8VAE" failures="0" tests="1" name="qaautomation.august2021.SwitchTest" time="14.205" errors="0" timestamp="05 Sep 2021 07:55:25 GMT" skipped="0">
  <testcase classname="qaautomation.august2021.SwitchTest" name="testSwitching" time="14.205"/>
</testsuite> <!-- qaautomation.august2021.SwitchTest -->
